{
  "uid" : "c0f759c4ac4c859a",
  "name" : "Window Handling",
  "fullName" : "Window Handling",
  "historyId" : "chromium demoqa.spec.ts Window Handling",
  "time" : {
    "start" : 1651949338926,
    "stop" : 1651949346158,
    "duration" : 7232
  },
  "status" : "failed",
  "statusMessage" : "locator.click: DOMException: Failed to execute 'querySelectorAll' on 'Document': 'span[normalize-space()=\"Browser Windows\"]' is not a valid selector.\n    at query (<anonymous>:1589:41)\n    at <anonymous>:1599:7\n    at SelectorEvaluatorImpl._cached (<anonymous>:1387:20)\n    at SelectorEvaluatorImpl._queryCSS (<anonymous>:1586:17)\n    at SelectorEvaluatorImpl._querySimple (<anonymous>:1463:19)\n    at <anonymous>:1421:29\n    at SelectorEvaluatorImpl._cached (<anonymous>:1387:20)\n    at SelectorEvaluatorImpl.query (<anonymous>:1416:19)\n    at Object.query (<anonymous>:1621:44)\n    at <anonymous>:1579:21\n=========================== logs ===========================\nwaiting for selector \"span[normalize-space()='Browser Windows']\"\n  Failed to execute 'querySelectorAll' on 'Document': 'span[normalize-space()=\"Browser Windows\"]' is not a valid selector.\n============================================================",
  "statusTrace" : "locator.click: DOMException: Failed to execute 'querySelectorAll' on 'Document': 'span[normalize-space()=\"Browser Windows\"]' is not a valid selector.\n    at query (<anonymous>:1589:41)\n    at <anonymous>:1599:7\n    at SelectorEvaluatorImpl._cached (<anonymous>:1387:20)\n    at SelectorEvaluatorImpl._queryCSS (<anonymous>:1586:17)\n    at SelectorEvaluatorImpl._querySimple (<anonymous>:1463:19)\n    at <anonymous>:1421:29\n    at SelectorEvaluatorImpl._cached (<anonymous>:1387:20)\n    at SelectorEvaluatorImpl.query (<anonymous>:1416:19)\n    at Object.query (<anonymous>:1621:44)\n    at <anonymous>:1579:21\n=========================== logs ===========================\nwaiting for selector \"span[normalize-space()='Browser Windows']\"\n  Failed to execute 'querySelectorAll' on 'Document': 'span[normalize-space()=\"Browser Windows\"]' is not a valid selector.\n============================================================\n    at d:\\AutomationProjects\\PlaywrightSeries\\DemoQA\\tests\\demoqa.spec.ts:34:69",
  "flaky" : false,
  "newFailed" : false,
  "newBroken" : false,
  "newPassed" : false,
  "retriesCount" : 0,
  "retriesStatusChange" : false,
  "beforeStages" : [ ],
  "afterStages" : [ ],
  "labels" : [ {
    "name" : "language",
    "value" : "JavaScript"
  }, {
    "name" : "framework",
    "value" : "Playwright"
  }, {
    "name" : "parentSuite",
    "value" : "chromium"
  }, {
    "name" : "suite",
    "value" : "demoqa.spec.ts"
  }, {
    "name" : "resultFormat",
    "value" : "allure2"
  } ],
  "parameters" : [ ],
  "links" : [ ],
  "hidden" : true,
  "retry" : true,
  "extra" : {
    "categories" : [ ],
    "tags" : [ ]
  },
  "source" : "c0f759c4ac4c859a.json",
  "parameterValues" : [ ]
}